[2024-04-11 15:09:31]: (INFO)  Server is ready!
------------------------------------------------------------------------------------------------------------------------
[2024-04-11 15:09:51]: (INFO)  path='/',query='',http_version=HTTP/1.1,http_method=GET
------------------------------------------------------------------------------------------------------------------------
['Host'                      ]: ['localhost:8080']
['Connection'                ]: ['keep-alive']
['Cache-Control'             ]: ['max-age=0']
['sec-ch-ua'                 ]: ['"Google Chrome";v="123", "Not:A-Brand";v="8", "Chromium";v="123"']
['sec-ch-ua-mobile'          ]: ['?0']
['sec-ch-ua-platform'        ]: ['"macOS"']
['Upgrade-Insecure-Requests' ]: ['1']
['User-Agent'                ]: ['Mozilla/5.0 (Macintosh; Intel Mac OS X 10_15_7) AppleWebKit/537.36 (KHTML, like Gecko) Chrome/123.0.0.0 Safari/537.36']
['Accept'                    ]: ['text/html,application/xhtml+xml,application/xml;q=0.9,image/avif,image/webp,image/apng,*/*;q=0.8,application/signed-exchange;v=b3;q=0.7']
['Sec-Fetch-Site'            ]: ['none']
['Sec-Fetch-Mode'            ]: ['navigate']
['Sec-Fetch-User'            ]: ['?1']
['Sec-Fetch-Dest'            ]: ['document']
['Accept-Encoding'           ]: ['gzip, deflate, br, zstd']
['Accept-Language'           ]: ['en-US,en;q=0.9']
------------------------------------------------------------------------------------------------------------------------
[2024-04-11 15:09:55]: (INFO)  path='/',query='',http_version=HTTP/1.1,http_method=GET
------------------------------------------------------------------------------------------------------------------------
['Host'                      ]: ['localhost:8080']
['Connection'                ]: ['keep-alive']
['Cache-Control'             ]: ['max-age=0']
['sec-ch-ua'                 ]: ['"Google Chrome";v="123", "Not:A-Brand";v="8", "Chromium";v="123"']
['sec-ch-ua-mobile'          ]: ['?0']
['sec-ch-ua-platform'        ]: ['"macOS"']
['Upgrade-Insecure-Requests' ]: ['1']
['User-Agent'                ]: ['Mozilla/5.0 (Macintosh; Intel Mac OS X 10_15_7) AppleWebKit/537.36 (KHTML, like Gecko) Chrome/123.0.0.0 Safari/537.36']
['Accept'                    ]: ['text/html,application/xhtml+xml,application/xml;q=0.9,image/avif,image/webp,image/apng,*/*;q=0.8,application/signed-exchange;v=b3;q=0.7']
['Sec-Fetch-Site'            ]: ['none']
['Sec-Fetch-Mode'            ]: ['navigate']
['Sec-Fetch-User'            ]: ['?1']
['Sec-Fetch-Dest'            ]: ['document']
['Accept-Encoding'           ]: ['gzip, deflate, br, zstd']
['Accept-Language'           ]: ['en-US,en;q=0.9']
------------------------------------------------------------------------------------------------------------------------
[2024-04-11 15:09:56]: (INFO)  path='/',query='',http_version=HTTP/1.1,http_method=GET
------------------------------------------------------------------------------------------------------------------------
['Host'                      ]: ['localhost:8080']
['Connection'                ]: ['keep-alive']
['Cache-Control'             ]: ['max-age=0']
['sec-ch-ua'                 ]: ['"Google Chrome";v="123", "Not:A-Brand";v="8", "Chromium";v="123"']
['sec-ch-ua-mobile'          ]: ['?0']
['sec-ch-ua-platform'        ]: ['"macOS"']
['Upgrade-Insecure-Requests' ]: ['1']
['User-Agent'                ]: ['Mozilla/5.0 (Macintosh; Intel Mac OS X 10_15_7) AppleWebKit/537.36 (KHTML, like Gecko) Chrome/123.0.0.0 Safari/537.36']
['Accept'                    ]: ['text/html,application/xhtml+xml,application/xml;q=0.9,image/avif,image/webp,image/apng,*/*;q=0.8,application/signed-exchange;v=b3;q=0.7']
['Sec-Fetch-Site'            ]: ['none']
['Sec-Fetch-Mode'            ]: ['navigate']
['Sec-Fetch-User'            ]: ['?1']
['Sec-Fetch-Dest'            ]: ['document']
['Accept-Encoding'           ]: ['gzip, deflate, br, zstd']
['Accept-Language'           ]: ['en-US,en;q=0.9']
------------------------------------------------------------------------------------------------------------------------
